Build started 23/01/2015 18:18:37.
     1>Project "C:\Users\Ronan\Documents\Etudes\Centrale\Troisième année\Informatique\OMA-Projet-Informatique-2015\Projet Informatique\TestSudoku\TestSudoku.vcxproj" on node 2 (Build target(s)).
     1>ClCompile:
         C:\Program Files (x86)\Microsoft Visual Studio 12.0\VC\bin\CL.exe /c /ZI /nologo /W3 /WX- /sdl /Od /Oy- /D WIN32 /D _DEBUG /D _CONSOLE /D _LIB /D _UNICODE /D UNICODE /Gm /EHsc /RTC1 /MDd /GS /fp:precise /Zc:wchar_t /Zc:forScope /Fo"Debug\\" /Fd"Debug\vc120.pdb" /Gd /TP /analyze- /errorReport:prompt main.cpp
         main.cpp
     1>c:\users\ronan\documents\etudes\centrale\troisième année\informatique\oma-projet-informatique-2015\projet informatique\testsudoku\main.cpp(1): fatal error C1083: Cannot open include file: 'Cell.h': No such file or directory
     1>Done Building Project "C:\Users\Ronan\Documents\Etudes\Centrale\Troisième année\Informatique\OMA-Projet-Informatique-2015\Projet Informatique\TestSudoku\TestSudoku.vcxproj" (Build target(s)) -- FAILED.

Build FAILED.

Time Elapsed 00:00:00.27
